{
  "uid" : "8f0b1396b938098a",
  "name" : "创建任务",
  "fullName" : "test_case.test_create_task_fails.TestFixture#test_create_task",
  "historyId" : "f87fd71c7504ef50bd2a5d7bec2a1691",
  "time" : {
    "start" : 1574694395118,
    "stop" : 1574694420895,
    "duration" : 25777
  },
  "status" : "passed",
  "flaky" : false,
  "newFailed" : false,
  "beforeStages" : [ ],
  "testStage" : {
    "status" : "passed",
    "steps" : [ {
      "name" : "创建任务",
      "time" : {
        "start" : 1574694395119,
        "stop" : 1574694395121,
        "duration" : 2
      },
      "status" : "passed",
      "steps" : [ ],
      "attachments" : [ {
        "uid" : "d7ee553592ef2f1a",
        "name" : "pass",
        "source" : "d7ee553592ef2f1a.attach",
        "type" : "text/plain",
        "size" : 15
      } ],
      "parameters" : [ ],
      "attachmentsCount" : 1,
      "shouldDisplayMessage" : false,
      "stepsCount" : 0,
      "hasContent" : true
    }, {
      "name" : "创建任务",
      "time" : {
        "start" : 1574694395122,
        "stop" : 1574694412508,
        "duration" : 17386
      },
      "status" : "passed",
      "steps" : [ ],
      "attachments" : [ ],
      "parameters" : [ {
        "name" : "title",
        "value" : "'1574694395'"
      } ],
      "attachmentsCount" : 0,
      "shouldDisplayMessage" : false,
      "stepsCount" : 0,
      "hasContent" : true
    }, {
      "name" : "删除任务",
      "time" : {
        "start" : 1574694412508,
        "stop" : 1574694420895,
        "duration" : 8387
      },
      "status" : "passed",
      "steps" : [ ],
      "attachments" : [ ],
      "parameters" : [ ],
      "attachmentsCount" : 0,
      "shouldDisplayMessage" : false,
      "stepsCount" : 0,
      "hasContent" : false
    } ],
    "attachments" : [ {
      "uid" : "fd36e30b48281ea0",
      "name" : "log",
      "source" : "fd36e30b48281ea0.txt",
      "type" : "text/plain",
      "size" : 3205
    } ],
    "parameters" : [ ],
    "attachmentsCount" : 2,
    "shouldDisplayMessage" : false,
    "stepsCount" : 3,
    "hasContent" : true
  },
  "afterStages" : [ ],
  "labels" : [ {
    "name" : "story",
    "value" : "测试模块_demo2"
  }, {
    "name" : "feature",
    "value" : "测试模块_demo1"
  }, {
    "name" : "severity",
    "value" : "critical"
  }, {
    "name" : "subSuite",
    "value" : "TestFixture"
  }, {
    "name" : "parentSuite",
    "value" : "test_case"
  }, {
    "name" : "suite",
    "value" : "test_create_task_fails"
  }, {
    "name" : "host",
    "value" : "rachel"
  }, {
    "name" : "thread",
    "value" : "26236-MainThread"
  }, {
    "name" : "framework",
    "value" : "pytest"
  }, {
    "name" : "language",
    "value" : "cpython3"
  }, {
    "name" : "package",
    "value" : "test_case.test_create_task_fails"
  }, {
    "name" : "resultFormat",
    "value" : "allure2"
  } ],
  "parameters" : [ ],
  "links" : [ {
    "name" : "用例名：测试字符串相等",
    "url" : "用例名：测试字符串相等",
    "type" : "test_case"
  }, {
    "name" : "BUG号：123",
    "url" : "BUG号：123",
    "type" : "issue"
  } ],
  "hidden" : false,
  "retry" : false,
  "extra" : {
    "severity" : "critical",
    "retries" : [ {
      "uid" : "3b9f381d043474a1",
      "status" : "failed",
      "statusDetails" : "AssertionError: \n\nassert_expectations() called from\n\"test_create_task_fails.py\" line 29, in test_create_task()\n\nFailed Expectations:1\n\n1: file \"test_create_task_fails.py\", line 27, in test_create_task()\n任务名称错误\n        expect (task==\"title\",\"任务名称错误\")",
      "time" : {
        "start" : 1574692442411,
        "stop" : 1574692467730,
        "duration" : 25319
      }
    }, {
      "uid" : "9e9ddfde1f87f7c",
      "status" : "failed",
      "statusDetails" : "AssertionError: \n\nassert_expectations() called from\n\"test_create_task_fails.py\" line 29, in test_create_task()\n\nFailed Expectations:1\n\n1: file \"test_create_task_fails.py\", line 27, in test_create_task()\n任务名称错误\n        expect (task==\"title\",\"任务名称错误\")",
      "time" : {
        "start" : 1574691247682,
        "stop" : 1574691271782,
        "duration" : 24100
      }
    } ],
    "categories" : [ ],
    "history" : {
      "statistic" : {
        "failed" : 1,
        "broken" : 0,
        "skipped" : 0,
        "passed" : 1,
        "unknown" : 0,
        "total" : 2
      },
      "items" : [ {
        "uid" : "3dae6afdc7cfa1c",
        "status" : "failed",
        "statusDetails" : "AssertionError: \n\nassert_expectations() called from\n\"test_create_task_fails.py\" line 29, in test_create_task()\n\nFailed Expectations:1\n\n1: file \"test_create_task_fails.py\", line 27, in test_create_task()\n任务名称错误\n        expect (task==\"title\",\"任务名称错误\")",
        "time" : {
          "start" : 1574692442411,
          "stop" : 1574692467730,
          "duration" : 25319
        }
      } ]
    },
    "tags" : [ ]
  },
  "source" : "8f0b1396b938098a.json",
  "parameterValues" : [ ]
}